<?xml version="1.0" encoding="UTF-8"?>
<testng-results ignored="0" total="3" passed="3" failed="0" skipped="0">
  <reporter-output>
  </reporter-output>
  <suite started-at="2023-10-17T22:40:25 IST" name="Suite" finished-at="2023-10-17T22:40:37 IST" duration-ms="11857">
    <groups>
    </groups>
    <test started-at="2023-10-17T22:40:25 IST" name="Submit order Test" finished-at="2023-10-17T22:40:34 IST" duration-ms="9018">
      <class name="Satyagrpid.saiaid.SubmitOrder">
        <test-method is-config="true" signature="launchApplication()[pri:0, instance:Satyagrpid.saiaid.SubmitOrder@6d763516]" started-at="2023-10-17T22:40:25 IST" name="launchApplication" finished-at="2023-10-17T22:40:28 IST" duration-ms="2799" status="PASS">
          <reporter-output>
          </reporter-output>
        </test-method> <!-- launchApplication -->
        <test-method signature="submitOrderTest()[pri:0, instance:Satyagrpid.saiaid.SubmitOrder@6d763516]" started-at="2023-10-17T22:40:28 IST" name="submitOrderTest" finished-at="2023-10-17T22:40:32 IST" duration-ms="3767" status="PASS">
          <reporter-output>
          </reporter-output>
        </test-method> <!-- submitOrderTest -->
        <test-method is-config="true" signature="teardown()[pri:0, instance:Satyagrpid.saiaid.SubmitOrder@6d763516]" started-at="2023-10-17T22:40:32 IST" name="teardown" finished-at="2023-10-17T22:40:32 IST" duration-ms="92" status="PASS">
          <reporter-output>
          </reporter-output>
        </test-method> <!-- teardown -->
        <test-method is-config="true" signature="launchApplication()[pri:0, instance:Satyagrpid.saiaid.SubmitOrder@6d763516]" started-at="2023-10-17T22:40:32 IST" name="launchApplication" finished-at="2023-10-17T22:40:34 IST" duration-ms="2228" status="PASS">
          <reporter-output>
          </reporter-output>
        </test-method> <!-- launchApplication -->
        <test-method signature="verifyOrderHistory()[pri:0, instance:Satyagrpid.saiaid.SubmitOrder@6d763516]" started-at="2023-10-17T22:40:34 IST" name="verifyOrderHistory" finished-at="2023-10-17T22:40:34 IST" depends-on-methods="Satyagrpid.saiaid.SubmitOrder.submitOrderTest" duration-ms="0" status="PASS">
          <reporter-output>
          </reporter-output>
        </test-method> <!-- verifyOrderHistory -->
        <test-method is-config="true" signature="teardown()[pri:0, instance:Satyagrpid.saiaid.SubmitOrder@6d763516]" started-at="2023-10-17T22:40:34 IST" name="teardown" finished-at="2023-10-17T22:40:34 IST" duration-ms="90" status="PASS">
          <reporter-output>
          </reporter-output>
        </test-method> <!-- teardown -->
      </class> <!-- Satyagrpid.saiaid.SubmitOrder -->
    </test> <!-- Submit order Test -->
    <test started-at="2023-10-17T22:40:34 IST" name="Error Validation Test" finished-at="2023-10-17T22:40:37 IST" duration-ms="2816">
      <class name="Satyagrpid.saiaid.ErrorValidations">
        <test-method is-config="true" signature="launchApplication()[pri:0, instance:Satyagrpid.saiaid.ErrorValidations@639c2c1d]" started-at="2023-10-17T22:40:34 IST" name="launchApplication" finished-at="2023-10-17T22:40:36 IST" duration-ms="1306" status="PASS">
          <reporter-output>
          </reporter-output>
        </test-method> <!-- launchApplication -->
        <test-method signature="errorvalidationTest()[pri:0, instance:Satyagrpid.saiaid.ErrorValidations@639c2c1d]" started-at="2023-10-17T22:40:36 IST" name="errorvalidationTest" finished-at="2023-10-17T22:40:37 IST" duration-ms="1422" status="PASS">
          <reporter-output>
          </reporter-output>
        </test-method> <!-- errorvalidationTest -->
        <test-method is-config="true" signature="teardown()[pri:0, instance:Satyagrpid.saiaid.ErrorValidations@639c2c1d]" started-at="2023-10-17T22:40:37 IST" name="teardown" finished-at="2023-10-17T22:40:37 IST" duration-ms="85" status="PASS">
          <reporter-output>
          </reporter-output>
        </test-method> <!-- teardown -->
      </class> <!-- Satyagrpid.saiaid.ErrorValidations -->
    </test> <!-- Error Validation Test -->
  </suite> <!-- Suite -->
</testng-results>
