<?xml version="1.0" encoding="UTF-8"?>
<testng-results ignored="0" total="2" passed="2" failed="0" skipped="0">
  <reporter-output>
  </reporter-output>
  <suite started-at="2023-11-09T08:30:21 IST" name="Default suite" finished-at="2023-11-09T08:31:28 IST" duration-ms="67305">
    <groups>
    </groups>
    <test started-at="2023-11-09T08:30:21 IST" name="Default test" finished-at="2023-11-09T08:31:28 IST" duration-ms="67305">
      <class name="Satyagrpid.saiaid.SubmitOrder">
        <test-method is-config="true" signature="launchApplication()[pri:0, instance:Satyagrpid.saiaid.SubmitOrder@70e9c95d]" started-at="2023-11-09T08:30:21 IST" name="launchApplication" finished-at="2023-11-09T08:31:13 IST" duration-ms="51836" status="PASS">
          <reporter-output>
          </reporter-output>
        </test-method> <!-- launchApplication -->
        <test-method signature="submitOrderTest()[pri:0, instance:Satyagrpid.saiaid.SubmitOrder@70e9c95d]" started-at="2023-11-09T08:31:13 IST" name="submitOrderTest" finished-at="2023-11-09T08:31:26 IST" duration-ms="12879" status="PASS">
          <reporter-output>
          </reporter-output>
        </test-method> <!-- submitOrderTest -->
        <test-method is-config="true" signature="teardown()[pri:0, instance:Satyagrpid.saiaid.SubmitOrder@70e9c95d]" started-at="2023-11-09T08:31:26 IST" name="teardown" finished-at="2023-11-09T08:31:26 IST" duration-ms="137" status="PASS">
          <reporter-output>
          </reporter-output>
        </test-method> <!-- teardown -->
        <test-method is-config="true" signature="launchApplication()[pri:0, instance:Satyagrpid.saiaid.SubmitOrder@70e9c95d]" started-at="2023-11-09T08:31:26 IST" name="launchApplication" finished-at="2023-11-09T08:31:28 IST" duration-ms="2302" status="PASS">
          <reporter-output>
          </reporter-output>
        </test-method> <!-- launchApplication -->
        <test-method signature="verifyOrderHistory()[pri:0, instance:Satyagrpid.saiaid.SubmitOrder@70e9c95d]" started-at="2023-11-09T08:31:28 IST" name="verifyOrderHistory" finished-at="2023-11-09T08:31:28 IST" duration-ms="1" status="PASS">
          <reporter-output>
          </reporter-output>
        </test-method> <!-- verifyOrderHistory -->
        <test-method is-config="true" signature="teardown()[pri:0, instance:Satyagrpid.saiaid.SubmitOrder@70e9c95d]" started-at="2023-11-09T08:31:28 IST" name="teardown" finished-at="2023-11-09T08:31:28 IST" duration-ms="97" status="PASS">
          <reporter-output>
          </reporter-output>
        </test-method> <!-- teardown -->
      </class> <!-- Satyagrpid.saiaid.SubmitOrder -->
    </test> <!-- Default test -->
  </suite> <!-- Default suite -->
</testng-results>
